==========================================
SLURM_JOB_ID = 17992123
SLURM_JOB_NODELIST = e06-07
TMPDIR = /tmp/SLURM_17992123
==========================================
gfortran -fopenmp -O3 module.f90 md.f90
 # of atoms is         864  Density is    1.0597273759711887     
 Temperature scaled to  0.40000000000000002     
    50 E= -6.1620101 PE=  -6.742987 KE=   0.580977
   100 E= -6.1620099 PE=  -6.688259 KE=   0.526249
   150 E= -6.1620096 PE=  -6.605067 KE=   0.443057
   200 E= -6.1620092 PE=  -6.506263 KE=   0.344254
   250 E= -6.1620088 PE=  -6.409781 KE=   0.247772
   300 E= -6.1620084 PE=  -6.334818 KE=   0.172810
   350 E= -6.1620083 PE=  -6.295017 KE=   0.133009
   400 E= -6.1620086 PE=  -6.292802 KE=   0.130794
   450 E= -6.1620089 PE=  -6.319458 KE=   0.157449
   500 E= -6.1620093 PE=  -6.360553 KE=   0.198544
grcutoff :    4.67100
   550 E= -6.1620095 PE=  -6.402253 KE=   0.240244 Meansq displacement=   0.000044
   600 E= -6.1620096 PE=  -6.435107 KE=   0.273097 Meansq displacement=   0.000189
   650 E= -6.1620096 PE=  -6.454937 KE=   0.292927 Meansq displacement=   0.000446
   700 E= -6.1620095 PE=  -6.462033 KE=   0.300024 Meansq displacement=   0.000815
   750 E= -6.1620094 PE=  -6.459758 KE=   0.297749 Meansq displacement=   0.001283
   800 E= -6.1620093 PE=  -6.453051 KE=   0.291042 Meansq displacement=   0.001828
   850 E= -6.1620092 PE=  -6.446938 KE=   0.284929 Meansq displacement=   0.002424
   900 E= -6.1620091 PE=  -6.445209 KE=   0.283200 Meansq displacement=   0.003046
   950 E= -6.1620091 PE=  -6.449648 KE=   0.287639 Meansq displacement=   0.003671
  1000 E= -6.1620092 PE=  -6.459979 KE=   0.297969 Meansq displacement=   0.004283
 T =   0.18684457811229382       Cv =  -0.18533161385550395     
 Pressure =    1.9954900606518193     
/var/spool/slurm/d/job17992123/slurm_script: line 15: cd..: command not found
cp: cannot stat ‘MD2/xvconf’: No such file or directory
/var/spool/slurm/d/job17992123/slurm_script: line 17: cd: MD3: No such file or directory
gfortran -fopenmp -O3 module.f90 md.f90
 # of atoms is         864  Density is    1.0597273759711887     
 Temperature scaled to  0.40000000000000002     
    50 E= -6.1620101 PE=  -6.742987 KE=   0.580977
   100 E= -6.1620099 PE=  -6.688259 KE=   0.526249
   150 E= -6.1620096 PE=  -6.605067 KE=   0.443057
   200 E= -6.1620092 PE=  -6.506263 KE=   0.344254
   250 E= -6.1620088 PE=  -6.409781 KE=   0.247772
   300 E= -6.1620084 PE=  -6.334818 KE=   0.172810
   350 E= -6.1620083 PE=  -6.295017 KE=   0.133009
   400 E= -6.1620086 PE=  -6.292802 KE=   0.130794
   450 E= -6.1620089 PE=  -6.319458 KE=   0.157449
   500 E= -6.1620093 PE=  -6.360553 KE=   0.198544
grcutoff :    4.67100
   550 E= -6.1620095 PE=  -6.402253 KE=   0.240244 Meansq displacement=   0.000044
   600 E= -6.1620096 PE=  -6.435107 KE=   0.273097 Meansq displacement=   0.000189
   650 E= -6.1620096 PE=  -6.454937 KE=   0.292927 Meansq displacement=   0.000446
   700 E= -6.1620095 PE=  -6.462033 KE=   0.300024 Meansq displacement=   0.000815
   750 E= -6.1620094 PE=  -6.459758 KE=   0.297749 Meansq displacement=   0.001283
   800 E= -6.1620093 PE=  -6.453051 KE=   0.291042 Meansq displacement=   0.001828
   850 E= -6.1620092 PE=  -6.446938 KE=   0.284929 Meansq displacement=   0.002424
   900 E= -6.1620091 PE=  -6.445209 KE=   0.283200 Meansq displacement=   0.003046
   950 E= -6.1620091 PE=  -6.449648 KE=   0.287639 Meansq displacement=   0.003671
  1000 E= -6.1620092 PE=  -6.459979 KE=   0.297969 Meansq displacement=   0.004283
 T =   0.18684457811229382       Cv =  -0.18533161385550395     
 Pressure =    1.9954900606518193     
